# JRE version: OpenJDK Runtime Environment GraalVM CE 22.3.0 (17.0.5+8) (build 17.0.5+8-jvmci-22.3-b08)
# Java VM: OpenJDK 64-Bit Server VM GraalVM CE 22.3.0 (17.0.5+8-jvmci-22.3-b08, mixed mode, sharing, tiered, jvmci, jvmci compiler, compressed oops, compressed class ptrs, parallel gc, linux-amd64)
GC Precious Log:
 CPUs: 8 total, 1 available
 Memory: 1024M
 Large Page Support: Disabled
 NUMA Support: Disabled
 Compressed Oops: Enabled (32-bit)
 Alignments: Space 512K, Generation 512K, Heap 2M
 Heap Min Capacity: 100M
 Heap Initial Capacity: 100M
 Heap Max Capacity: 512M
 Pre-touch: Disabled
 Parallel Workers: 1
Heap:
 PSYoungGen      total 48640K, used 31231K [0x00000000f5580000, 0x00000000f9b00000, 0x0000000100000000)
  eden space 31232K, 99% used [0x00000000f5580000,0x00000000f73ffff8,0x00000000f7400000)
  from space 17408K, 0% used [0x00000000f8a00000,0x00000000f8a00000,0x00000000f9b00000)
  to   space 11776K, 0% used [0x00000000f7400000,0x00000000f7400000,0x00000000f7f80000)
 ParOldGen       total 349696K, used 349695K [0x00000000e0000000, 0x00000000f5580000, 0x00000000f5580000)
  object space 349696K, 99% used [0x00000000e0000000,0x00000000f557ffe8,0x00000000f5580000)
 Metaspace       used 60165K, committed 61312K, reserved 1105920K
  class space    used 5981K, committed 6464K, reserved 1048576K
GC Heap History (20 events):
Event: 1044.587 GC heap before
{Heap before GC invocations=593 (full 506):
 PSYoungGen      total 48640K, used 31231K [0x00000000f5580000, 0x00000000f9b00000, 0x0000000100000000)
  eden space 31232K, 99% used [0x00000000f5580000,0x00000000f73ffff8,0x00000000f7400000)
  from space 17408K, 0% used [0x00000000f8a00000,0x00000000f8a00000,0x00000000f9b00000)
  to   space 11776K, 0% used [0x00000000f7400000,0x00000000f7400000,0x00000000f7f80000)
 ParOldGen       total 349696K, used 349688K [0x00000000e0000000, 0x00000000f5580000, 0x00000000f5580000)
  object space 349696K, 99% used [0x00000000e0000000,0x00000000f557e2c8,0x00000000f5580000)
 Metaspace       used 60165K, committed 61312K, reserved 1105920K
  class space    used 5981K, committed 6464K, reserved 1048576K
}
Event: 1046.509 GC heap after
{Heap after GC invocations=593 (full 506):
 PSYoungGen      total 43008K, used 31231K [0x00000000f5580000, 0x00000000f9b00000, 0x0000000100000000)
  eden space 31232K, 99% used [0x00000000f5580000,0x00000000f73ffee8,0x00000000f7400000)
  from space 11776K, 0% used [0x00000000f7400000,0x00000000f7400000,0x00000000f7f80000)
  to   space 17408K, 0% used [0x00000000f8a00000,0x00000000f8a00000,0x00000000f9b00000)
 ParOldGen       total 349696K, used 349688K [0x00000000e0000000, 0x00000000f5580000, 0x00000000f5580000)
  object space 349696K, 99% used [0x00000000e0000000,0x00000000f557e298,0x00000000f5580000)
 Metaspace       used 60165K, committed 61312K, reserved 1105920K
  class space    used 5981K, committed 6464K, reserved 1048576K
}
Event: 1046.510 GC heap before
{Heap before GC invocations=594 (full 507):
 PSYoungGen      total 43008K, used 31231K [0x00000000f5580000, 0x00000000f9b00000, 0x0000000100000000)
  eden space 31232K, 99% used [0x00000000f5580000,0x00000000f73ffff8,0x00000000f7400000)
  from space 11776K, 0% used [0x00000000f7400000,0x00000000f7400000,0x00000000f7f80000)
  to   space 17408K, 0% used [0x00000000f8a00000,0x00000000f8a00000,0x00000000f9b00000)
 ParOldGen       total 349696K, used 349688K [0x00000000e0000000, 0x00000000f5580000, 0x00000000f5580000)
  object space 349696K, 99% used [0x00000000e0000000,0x00000000f557e298,0x00000000f5580000)
 Metaspace       used 60165K, committed 61312K, reserved 1105920K
  class space    used 5981K, committed 6464K, reserved 1048576K
}
Event: 1048.499 GC heap after
{Heap after GC invocations=594 (full 507):
 PSYoungGen      total 48640K, used 31231K [0x00000000f5580000, 0x00000000f9b00000, 0x0000000100000000)
  eden space 31232K, 99% used [0x00000000f5580000,0x00000000f73fff70,0x00000000f7400000)
  from space 17408K, 0% used [0x00000000f8a00000,0x00000000f8a00000,0x00000000f9b00000)
  to   space 11776K, 0% used [0x00000000f7400000,0x00000000f7400000,0x00000000f7f80000)
 ParOldGen       total 349696K, used 349688K [0x00000000e0000000, 0x00000000f5580000, 0x00000000f5580000)
  object space 349696K, 99% used [0x00000000e0000000,0x00000000f557e298,0x00000000f5580000)
 Metaspace       used 60165K, committed 61312K, reserved 1105920K
  class space    used 5981K, committed 6464K, reserved 1048576K
}
Event: 1048.500 GC heap before
{Heap before GC invocations=595 (full 508):
 PSYoungGen      total 48640K, used 31232K [0x00000000f5580000, 0x00000000f9b00000, 0x0000000100000000)
  eden space 31232K, 100% used [0x00000000f5580000,0x00000000f7400000,0x00000000f7400000)
  from space 17408K, 0% used [0x00000000f8a00000,0x00000000f8a00000,0x00000000f9b00000)
  to   space 11776K, 0% used [0x00000000f7400000,0x00000000f7400000,0x00000000f7f80000)
 ParOldGen       total 349696K, used 349688K [0x00000000e0000000, 0x00000000f5580000, 0x00000000f5580000)
  object space 349696K, 99% used [0x00000000e0000000,0x00000000f557e298,0x00000000f5580000)
 Metaspace       used 60165K, committed 61312K, reserved 1105920K
  class space    used 5981K, committed 6464K, reserved 1048576K
}
Event: 1050.485 GC heap after
{Heap after GC invocations=595 (full 508):
 PSYoungGen      total 43008K, used 31231K [0x00000000f5580000, 0x00000000f9b00000, 0x0000000100000000)
  eden space 31232K, 99% used [0x00000000f5580000,0x00000000f73fffb8,0x00000000f7400000)
  from space 11776K, 0% used [0x00000000f7400000,0x00000000f7400000,0x00000000f7f80000)
  to   space 17408K, 0% used [0x00000000f8a00000,0x00000000f8a00000,0x00000000f9b00000)
 ParOldGen       total 349696K, used 349688K [0x00000000e0000000, 0x00000000f5580000, 0x00000000f5580000)
  object space 349696K, 99% used [0x00000000e0000000,0x00000000f557e298,0x00000000f5580000)
 Metaspace       used 60165K, committed 61312K, reserved 1105920K
  class space    used 5981K, committed 6464K, reserved 1048576K
}
Event: 1050.485 GC heap before
{Heap before GC invocations=596 (full 509):
 PSYoungGen      total 43008K, used 31232K [0x00000000f5580000, 0x00000000f9b00000, 0x0000000100000000)
  eden space 31232K, 100% used [0x00000000f5580000,0x00000000f7400000,0x00000000f7400000)
  from space 11776K, 0% used [0x00000000f7400000,0x00000000f7400000,0x00000000f7f80000)
  to   space 17408K, 0% used [0x00000000f8a00000,0x00000000f8a00000,0x00000000f9b00000)
 ParOldGen       total 349696K, used 349688K [0x00000000e0000000, 0x00000000f5580000, 0x00000000f5580000)
  object space 349696K, 99% used [0x00000000e0000000,0x00000000f557e298,0x00000000f5580000)
 Metaspace       used 60165K, committed 61312K, reserved 1105920K
  class space    used 5981K, committed 6464K, reserved 1048576K
}
Event: 1052.375 GC heap after
{Heap after GC invocations=596 (full 509):
 PSYoungGen      total 48640K, used 31231K [0x00000000f5580000, 0x00000000f9b00000, 0x0000000100000000)
  eden space 31232K, 99% used [0x00000000f5580000,0x00000000f73fffe8,0x00000000f7400000)
  from space 17408K, 0% used [0x00000000f8a00000,0x00000000f8a00000,0x00000000f9b00000)
  to   space 11776K, 0% used [0x00000000f7400000,0x00000000f7400000,0x00000000f7f80000)
 ParOldGen       total 349696K, used 349688K [0x00000000e0000000, 0x00000000f5580000, 0x00000000f5580000)
  object space 349696K, 99% used [0x00000000e0000000,0x00000000f557e298,0x00000000f5580000)
 Metaspace       used 60165K, committed 61312K, reserved 1105920K
  class space    used 5981K, committed 6464K, reserved 1048576K
}
Event: 1052.382 GC heap before
{Heap before GC invocations=597 (full 510):
 PSYoungGen      total 48640K, used 31232K [0x00000000f5580000, 0x00000000f9b00000, 0x0000000100000000)
  eden space 31232K, 100% used [0x00000000f5580000,0x00000000f7400000,0x00000000f7400000)
  from space 17408K, 0% used [0x00000000f8a00000,0x00000000f8a00000,0x00000000f9b00000)
  to   space 11776K, 0% used [0x00000000f7400000,0x00000000f7400000,0x00000000f7f80000)
 ParOldGen       total 349696K, used 349688K [0x00000000e0000000, 0x00000000f5580000, 0x00000000f5580000)
  object space 349696K, 99% used [0x00000000e0000000,0x00000000f557e298,0x00000000f5580000)
 Metaspace       used 60165K, committed 61312K, reserved 1105920K
  class space    used 5981K, committed 6464K, reserved 1048576K
}
Event: 1054.284 GC heap after
{Heap after GC invocations=597 (full 510):
 PSYoungGen      total 43008K, used 31232K [0x00000000f5580000, 0x00000000f9b00000, 0x0000000100000000)
  eden space 31232K, 100% used [0x00000000f5580000,0x00000000f7400000,0x00000000f7400000)
  from space 11776K, 0% used [0x00000000f7400000,0x00000000f7400000,0x00000000f7f80000)
  to   space 17408K, 0% used [0x00000000f8a00000,0x00000000f8a00000,0x00000000f9b00000)
 ParOldGen       total 349696K, used 349688K [0x00000000e0000000, 0x00000000f5580000, 0x00000000f5580000)
  object space 349696K, 99% used [0x00000000e0000000,0x00000000f557e278,0x00000000f5580000)
 Metaspace       used 60165K, committed 61312K, reserved 1105920K
  class space    used 5981K, committed 6464K, reserved 1048576K
}
Event: 1054.285 GC heap before
{Heap before GC invocations=598 (full 511):
 PSYoungGen      total 43008K, used 31232K [0x00000000f5580000, 0x00000000f9b00000, 0x0000000100000000)
  eden space 31232K, 100% used [0x00000000f5580000,0x00000000f7400000,0x00000000f7400000)
  from space 11776K, 0% used [0x00000000f7400000,0x00000000f7400000,0x00000000f7f80000)
  to   space 17408K, 0% used [0x00000000f8a00000,0x00000000f8a00000,0x00000000f9b00000)
 ParOldGen       total 349696K, used 349694K [0x00000000e0000000, 0x00000000f5580000, 0x00000000f5580000)
  object space 349696K, 99% used [0x00000000e0000000,0x00000000f557fba8,0x00000000f5580000)
 Metaspace       used 60165K, committed 61312K, reserved 1105920K
  class space    used 5981K, committed 6464K, reserved 1048576K
}
Event: 1056.319 GC heap after
{Heap after GC invocations=598 (full 511):
 PSYoungGen      total 48640K, used 31230K [0x00000000f5580000, 0x00000000f9b00000, 0x0000000100000000)
  eden space 31232K, 99% used [0x00000000f5580000,0x00000000f73ff840,0x00000000f7400000)
  from space 17408K, 0% used [0x00000000f8a00000,0x00000000f8a00000,0x00000000f9b00000)
  to   space 11776K, 0% used [0x00000000f7400000,0x00000000f7400000,0x00000000f7f80000)
 ParOldGen       total 349696K, used 349694K [0x00000000e0000000, 0x00000000f5580000, 0x00000000f5580000)
  object space 349696K, 99% used [0x00000000e0000000,0x00000000f557fb80,0x00000000f5580000)
 Metaspace       used 60165K, committed 61312K, reserved 1105920K
  class space    used 5981K, committed 6464K, reserved 1048576K
}
Event: 1056.319 GC heap before
{Heap before GC invocations=599 (full 512):
 PSYoungGen      total 48640K, used 31231K [0x00000000f5580000, 0x00000000f9b00000, 0x0000000100000000)
  eden space 31232K, 99% used [0x00000000f5580000,0x00000000f73ffff8,0x00000000f7400000)
  from space 17408K, 0% used [0x00000000f8a00000,0x00000000f8a00000,0x00000000f9b00000)
  to   space 11776K, 0% used [0x00000000f7400000,0x00000000f7400000,0x00000000f7f80000)
 ParOldGen       total 349696K, used 349694K [0x00000000e0000000, 0x00000000f5580000, 0x00000000f5580000)
  object space 349696K, 99% used [0x00000000e0000000,0x00000000f557fb80,0x00000000f5580000)
 Metaspace       used 60165K, committed 61312K, reserved 1105920K
  class space    used 5981K, committed 6464K, reserved 1048576K
}
Event: 1058.388 GC heap after
{Heap after GC invocations=599 (full 512):
 PSYoungGen      total 43008K, used 31231K [0x00000000f5580000, 0x00000000f9b00000, 0x0000000100000000)
  eden space 31232K, 99% used [0x00000000f5580000,0x00000000f73ffd68,0x00000000f7400000)
  from space 11776K, 0% used [0x00000000f7400000,0x00000000f7400000,0x00000000f7f80000)
  to   space 17408K, 0% used [0x00000000f8a00000,0x00000000f8a00000,0x00000000f9b00000)
 ParOldGen       total 349696K, used 349694K [0x00000000e0000000, 0x00000000f5580000, 0x00000000f5580000)
  object space 349696K, 99% used [0x00000000e0000000,0x00000000f557fae8,0x00000000f5580000)
 Metaspace       used 60165K, committed 61312K, reserved 1105920K
  class space    used 5981K, committed 6464K, reserved 1048576K
}
Event: 1058.388 GC heap before
{Heap before GC invocations=600 (full 513):
 PSYoungGen      total 43008K, used 31231K [0x00000000f5580000, 0x00000000f9b00000, 0x0000000100000000)
  eden space 31232K, 99% used [0x00000000f5580000,0x00000000f73ffe40,0x00000000f7400000)
  from space 11776K, 0% used [0x00000000f7400000,0x00000000f7400000,0x00000000f7f80000)
  to   space 17408K, 0% used [0x00000000f8a00000,0x00000000f8a00000,0x00000000f9b00000)
 ParOldGen       total 349696K, used 349694K [0x00000000e0000000, 0x00000000f5580000, 0x00000000f5580000)
  object space 349696K, 99% used [0x00000000e0000000,0x00000000f557fae8,0x00000000f5580000)
 Metaspace       used 60165K, committed 61312K, reserved 1105920K
  class space    used 5981K, committed 6464K, reserved 1048576K
}
Event: 1060.389 GC heap after
{Heap after GC invocations=600 (full 513):
 PSYoungGen      total 48640K, used 31231K [0x00000000f5580000, 0x00000000f9b00000, 0x0000000100000000)
  eden space 31232K, 99% used [0x00000000f5580000,0x00000000f73ffe40,0x00000000f7400000)
  from space 17408K, 0% used [0x00000000f8a00000,0x00000000f8a00000,0x00000000f9b00000)
  to   space 11776K, 0% used [0x00000000f7400000,0x00000000f7400000,0x00000000f7f80000)
 ParOldGen       total 349696K, used 349694K [0x00000000e0000000, 0x00000000f5580000, 0x00000000f5580000)
  object space 349696K, 99% used [0x00000000e0000000,0x00000000f557fae8,0x00000000f5580000)
 Metaspace       used 60165K, committed 61312K, reserved 1105920K
  class space    used 5981K, committed 6464K, reserved 1048576K
}
Event: 1060.389 GC heap before
{Heap before GC invocations=601 (full 514):
 PSYoungGen      total 48640K, used 31231K [0x00000000f5580000, 0x00000000f9b00000, 0x0000000100000000)
  eden space 31232K, 99% used [0x00000000f5580000,0x00000000f73fffd0,0x00000000f7400000)
  from space 17408K, 0% used [0x00000000f8a00000,0x00000000f8a00000,0x00000000f9b00000)
  to   space 11776K, 0% used [0x00000000f7400000,0x00000000f7400000,0x00000000f7f80000)
 ParOldGen       total 349696K, used 349695K [0x00000000e0000000, 0x00000000f5580000, 0x00000000f5580000)
  object space 349696K, 99% used [0x00000000e0000000,0x00000000f557fdf0,0x00000000f5580000)
 Metaspace       used 60165K, committed 61312K, reserved 1105920K
  class space    used 5981K, committed 6464K, reserved 1048576K
}
Event: 1062.287 GC heap after
{Heap after GC invocations=601 (full 514):
 PSYoungGen      total 43008K, used 31231K [0x00000000f5580000, 0x00000000f9b00000, 0x0000000100000000)
  eden space 31232K, 99% used [0x00000000f5580000,0x00000000f73ffe70,0x00000000f7400000)
  from space 11776K, 0% used [0x00000000f7400000,0x00000000f7400000,0x00000000f7f80000)
  to   space 17408K, 0% used [0x00000000f8a00000,0x00000000f8a00000,0x00000000f9b00000)
 ParOldGen       total 349696K, used 349695K [0x00000000e0000000, 0x00000000f5580000, 0x00000000f5580000)
  object space 349696K, 99% used [0x00000000e0000000,0x00000000f557fdf0,0x00000000f5580000)
 Metaspace       used 60165K, committed 61312K, reserved 1105920K
  class space    used 5981K, committed 6464K, reserved 1048576K
}
Event: 1062.287 GC heap before
{Heap before GC invocations=602 (full 515):
 PSYoungGen      total 43008K, used 31231K [0x00000000f5580000, 0x00000000f9b00000, 0x0000000100000000)
  eden space 31232K, 99% used [0x00000000f5580000,0x00000000f73ffe70,0x00000000f7400000)
  from space 11776K, 0% used [0x00000000f7400000,0x00000000f7400000,0x00000000f7f80000)
  to   space 17408K, 0% used [0x00000000f8a00000,0x00000000f8a00000,0x00000000f9b00000)
 ParOldGen       total 349696K, used 349695K [0x00000000e0000000, 0x00000000f5580000, 0x00000000f5580000)
  object space 349696K, 99% used [0x00000000e0000000,0x00000000f557fdf0,0x00000000f5580000)
 Metaspace       used 60165K, committed 61312K, reserved 1105920K
  class space    used 5981K, committed 6464K, reserved 1048576K
}
Event: 1064.008 GC heap after
{Heap after GC invocations=602 (full 515):
 PSYoungGen      total 48640K, used 31231K [0x00000000f5580000, 0x00000000f9b00000, 0x0000000100000000)
  eden space 31232K, 99% used [0x00000000f5580000,0x00000000f73ffe70,0x00000000f7400000)
  from space 17408K, 0% used [0x00000000f8a00000,0x00000000f8a00000,0x00000000f9b00000)
  to   space 11776K, 0% used [0x00000000f7400000,0x00000000f7400000,0x00000000f7f80000)
 ParOldGen       total 349696K, used 349695K [0x00000000e0000000, 0x00000000f5580000, 0x00000000f5580000)
  object space 349696K, 99% used [0x00000000e0000000,0x00000000f557fd10,0x00000000f5580000)
 Metaspace       used 60165K, committed 61312K, reserved 1105920K
  class space    used 5981K, committed 6464K, reserved 1048576K
}

