# JRE version: OpenJDK Runtime Environment GraalVM CE 22.3.0 (17.0.5+8) (build 17.0.5+8-jvmci-22.3-b08)
# Java VM: OpenJDK 64-Bit Server VM GraalVM CE 22.3.0 (17.0.5+8-jvmci-22.3-b08, mixed mode, sharing, tiered, jvmci, jvmci compiler, compressed oops, compressed class ptrs, parallel gc, linux-amd64)
GC Precious Log:
 CPUs: 8 total, 1 available
 Memory: 1024M
 Large Page Support: Disabled
 NUMA Support: Disabled
 Compressed Oops: Enabled (32-bit)
 Alignments: Space 512K, Generation 512K, Heap 2M
 Heap Min Capacity: 100M
 Heap Initial Capacity: 100M
 Heap Max Capacity: 512M
 Pre-touch: Disabled
 Parallel Workers: 1
Heap:
 PSYoungGen      total 39424K, used 28160K [0x00000000f5580000, 0x00000000f9600000, 0x0000000100000000)
  eden space 28160K, 100% used [0x00000000f5580000,0x00000000f7100000,0x00000000f7100000)
  from space 11264K, 0% used [0x00000000f7100000,0x00000000f7100000,0x00000000f7c00000)
  to   space 16384K, 0% used [0x00000000f8600000,0x00000000f8600000,0x00000000f9600000)
 ParOldGen       total 349696K, used 349695K [0x00000000e0000000, 0x00000000f5580000, 0x00000000f5580000)
  object space 349696K, 99% used [0x00000000e0000000,0x00000000f557ff88,0x00000000f5580000)
 Metaspace       used 58823K, committed 60032K, reserved 1105920K
  class space    used 5866K, committed 6336K, reserved 1048576K
GC Heap History (20 events):
Event: 1376.051 GC heap before
{Heap before GC invocations=647 (full 566):
 PSYoungGen      total 39424K, used 28160K [0x00000000f5580000, 0x00000000f9600000, 0x0000000100000000)
  eden space 28160K, 100% used [0x00000000f5580000,0x00000000f7100000,0x00000000f7100000)
  from space 11264K, 0% used [0x00000000f7100000,0x00000000f7100000,0x00000000f7c00000)
  to   space 16384K, 0% used [0x00000000f8600000,0x00000000f8600000,0x00000000f9600000)
 ParOldGen       total 349696K, used 349694K [0x00000000e0000000, 0x00000000f5580000, 0x00000000f5580000)
  object space 349696K, 99% used [0x00000000e0000000,0x00000000f557fa58,0x00000000f5580000)
 Metaspace       used 58823K, committed 60032K, reserved 1105920K
  class space    used 5866K, committed 6336K, reserved 1048576K
}
Event: 1378.048 GC heap after
{Heap after GC invocations=647 (full 566):
 PSYoungGen      total 44544K, used 28159K [0x00000000f5580000, 0x00000000f9600000, 0x0000000100000000)
  eden space 28160K, 99% used [0x00000000f5580000,0x00000000f70fffd0,0x00000000f7100000)
  from space 16384K, 0% used [0x00000000f8600000,0x00000000f8600000,0x00000000f9600000)
  to   space 11264K, 0% used [0x00000000f7100000,0x00000000f7100000,0x00000000f7c00000)
 ParOldGen       total 349696K, used 349694K [0x00000000e0000000, 0x00000000f5580000, 0x00000000f5580000)
  object space 349696K, 99% used [0x00000000e0000000,0x00000000f557fa58,0x00000000f5580000)
 Metaspace       used 58823K, committed 60032K, reserved 1105920K
  class space    used 5866K, committed 6336K, reserved 1048576K
}
Event: 1378.049 GC heap before
{Heap before GC invocations=648 (full 567):
 PSYoungGen      total 44544K, used 28160K [0x00000000f5580000, 0x00000000f9600000, 0x0000000100000000)
  eden space 28160K, 100% used [0x00000000f5580000,0x00000000f7100000,0x00000000f7100000)
  from space 16384K, 0% used [0x00000000f8600000,0x00000000f8600000,0x00000000f9600000)
  to   space 11264K, 0% used [0x00000000f7100000,0x00000000f7100000,0x00000000f7c00000)
 ParOldGen       total 349696K, used 349694K [0x00000000e0000000, 0x00000000f5580000, 0x00000000f5580000)
  object space 349696K, 99% used [0x00000000e0000000,0x00000000f557fa58,0x00000000f5580000)
 Metaspace       used 58823K, committed 60032K, reserved 1105920K
  class space    used 5866K, committed 6336K, reserved 1048576K
}
Event: 1380.101 GC heap after
{Heap after GC invocations=648 (full 567):
 PSYoungGen      total 39424K, used 28159K [0x00000000f5580000, 0x00000000f9600000, 0x0000000100000000)
  eden space 28160K, 99% used [0x00000000f5580000,0x00000000f70fffd0,0x00000000f7100000)
  from space 11264K, 0% used [0x00000000f7100000,0x00000000f7100000,0x00000000f7c00000)
  to   space 16384K, 0% used [0x00000000f8600000,0x00000000f8600000,0x00000000f9600000)
 ParOldGen       total 349696K, used 349694K [0x00000000e0000000, 0x00000000f5580000, 0x00000000f5580000)
  object space 349696K, 99% used [0x00000000e0000000,0x00000000f557fa58,0x00000000f5580000)
 Metaspace       used 58823K, committed 60032K, reserved 1105920K
  class space    used 5866K, committed 6336K, reserved 1048576K
}
Event: 1380.114 GC heap before
{Heap before GC invocations=649 (full 568):
 PSYoungGen      total 39424K, used 28160K [0x00000000f5580000, 0x00000000f9600000, 0x0000000100000000)
  eden space 28160K, 100% used [0x00000000f5580000,0x00000000f7100000,0x00000000f7100000)
  from space 11264K, 0% used [0x00000000f7100000,0x00000000f7100000,0x00000000f7c00000)
  to   space 16384K, 0% used [0x00000000f8600000,0x00000000f8600000,0x00000000f9600000)
 ParOldGen       total 349696K, used 349694K [0x00000000e0000000, 0x00000000f5580000, 0x00000000f5580000)
  object space 349696K, 99% used [0x00000000e0000000,0x00000000f557fa58,0x00000000f5580000)
 Metaspace       used 58823K, committed 60032K, reserved 1105920K
  class space    used 5866K, committed 6336K, reserved 1048576K
}
Event: 1382.692 GC heap after
{Heap after GC invocations=649 (full 568):
 PSYoungGen      total 44544K, used 28159K [0x00000000f5580000, 0x00000000f9600000, 0x0000000100000000)
  eden space 28160K, 99% used [0x00000000f5580000,0x00000000f70fffd0,0x00000000f7100000)
  from space 16384K, 0% used [0x00000000f8600000,0x00000000f8600000,0x00000000f9600000)
  to   space 11264K, 0% used [0x00000000f7100000,0x00000000f7100000,0x00000000f7c00000)
 ParOldGen       total 349696K, used 349694K [0x00000000e0000000, 0x00000000f5580000, 0x00000000f5580000)
  object space 349696K, 99% used [0x00000000e0000000,0x00000000f557fa58,0x00000000f5580000)
 Metaspace       used 58823K, committed 60032K, reserved 1105920K
  class space    used 5866K, committed 6336K, reserved 1048576K
}
Event: 1382.692 GC heap before
{Heap before GC invocations=650 (full 569):
 PSYoungGen      total 44544K, used 28160K [0x00000000f5580000, 0x00000000f9600000, 0x0000000100000000)
  eden space 28160K, 100% used [0x00000000f5580000,0x00000000f7100000,0x00000000f7100000)
  from space 16384K, 0% used [0x00000000f8600000,0x00000000f8600000,0x00000000f9600000)
  to   space 11264K, 0% used [0x00000000f7100000,0x00000000f7100000,0x00000000f7c00000)
 ParOldGen       total 349696K, used 349694K [0x00000000e0000000, 0x00000000f5580000, 0x00000000f5580000)
  object space 349696K, 99% used [0x00000000e0000000,0x00000000f557fa58,0x00000000f5580000)
 Metaspace       used 58823K, committed 60032K, reserved 1105920K
  class space    used 5866K, committed 6336K, reserved 1048576K
}
Event: 1385.169 GC heap after
{Heap after GC invocations=650 (full 569):
 PSYoungGen      total 39424K, used 28159K [0x00000000f5580000, 0x00000000f9600000, 0x0000000100000000)
  eden space 28160K, 99% used [0x00000000f5580000,0x00000000f70ffff0,0x00000000f7100000)
  from space 11264K, 0% used [0x00000000f7100000,0x00000000f7100000,0x00000000f7c00000)
  to   space 16384K, 0% used [0x00000000f8600000,0x00000000f8600000,0x00000000f9600000)
 ParOldGen       total 349696K, used 349694K [0x00000000e0000000, 0x00000000f5580000, 0x00000000f5580000)
  object space 349696K, 99% used [0x00000000e0000000,0x00000000f557fa58,0x00000000f5580000)
 Metaspace       used 58823K, committed 60032K, reserved 1105920K
  class space    used 5866K, committed 6336K, reserved 1048576K
}
Event: 1385.169 GC heap before
{Heap before GC invocations=651 (full 570):
 PSYoungGen      total 39424K, used 28160K [0x00000000f5580000, 0x00000000f9600000, 0x0000000100000000)
  eden space 28160K, 100% used [0x00000000f5580000,0x00000000f7100000,0x00000000f7100000)
  from space 11264K, 0% used [0x00000000f7100000,0x00000000f7100000,0x00000000f7c00000)
  to   space 16384K, 0% used [0x00000000f8600000,0x00000000f8600000,0x00000000f9600000)
 ParOldGen       total 349696K, used 349694K [0x00000000e0000000, 0x00000000f5580000, 0x00000000f5580000)
  object space 349696K, 99% used [0x00000000e0000000,0x00000000f557fa58,0x00000000f5580000)
 Metaspace       used 58823K, committed 60032K, reserved 1105920K
  class space    used 5866K, committed 6336K, reserved 1048576K
}
Event: 1387.195 GC heap after
{Heap after GC invocations=651 (full 570):
 PSYoungGen      total 44544K, used 28159K [0x00000000f5580000, 0x00000000f9600000, 0x0000000100000000)
  eden space 28160K, 99% used [0x00000000f5580000,0x00000000f70ffff0,0x00000000f7100000)
  from space 16384K, 0% used [0x00000000f8600000,0x00000000f8600000,0x00000000f9600000)
  to   space 11264K, 0% used [0x00000000f7100000,0x00000000f7100000,0x00000000f7c00000)
 ParOldGen       total 349696K, used 349694K [0x00000000e0000000, 0x00000000f5580000, 0x00000000f5580000)
  object space 349696K, 99% used [0x00000000e0000000,0x00000000f557fa58,0x00000000f5580000)
 Metaspace       used 58823K, committed 60032K, reserved 1105920K
  class space    used 5866K, committed 6336K, reserved 1048576K
}
Event: 1387.196 GC heap before
{Heap before GC invocations=652 (full 571):
 PSYoungGen      total 44544K, used 28160K [0x00000000f5580000, 0x00000000f9600000, 0x0000000100000000)
  eden space 28160K, 100% used [0x00000000f5580000,0x00000000f7100000,0x00000000f7100000)
  from space 16384K, 0% used [0x00000000f8600000,0x00000000f8600000,0x00000000f9600000)
  to   space 11264K, 0% used [0x00000000f7100000,0x00000000f7100000,0x00000000f7c00000)
 ParOldGen       total 349696K, used 349694K [0x00000000e0000000, 0x00000000f5580000, 0x00000000f5580000)
  object space 349696K, 99% used [0x00000000e0000000,0x00000000f557fa58,0x00000000f5580000)
 Metaspace       used 58823K, committed 60032K, reserved 1105920K
  class space    used 5866K, committed 6336K, reserved 1048576K
}
Event: 1389.197 GC heap after
{Heap after GC invocations=652 (full 571):
 PSYoungGen      total 39424K, used 28159K [0x00000000f5580000, 0x00000000f9600000, 0x0000000100000000)
  eden space 28160K, 99% used [0x00000000f5580000,0x00000000f70ffff0,0x00000000f7100000)
  from space 11264K, 0% used [0x00000000f7100000,0x00000000f7100000,0x00000000f7c00000)
  to   space 16384K, 0% used [0x00000000f8600000,0x00000000f8600000,0x00000000f9600000)
 ParOldGen       total 349696K, used 349694K [0x00000000e0000000, 0x00000000f5580000, 0x00000000f5580000)
  object space 349696K, 99% used [0x00000000e0000000,0x00000000f557fa58,0x00000000f5580000)
 Metaspace       used 58823K, committed 60032K, reserved 1105920K
  class space    used 5866K, committed 6336K, reserved 1048576K
}
Event: 1389.198 GC heap before
{Heap before GC invocations=653 (full 572):
 PSYoungGen      total 39424K, used 28160K [0x00000000f5580000, 0x00000000f9600000, 0x0000000100000000)
  eden space 28160K, 100% used [0x00000000f5580000,0x00000000f7100000,0x00000000f7100000)
  from space 11264K, 0% used [0x00000000f7100000,0x00000000f7100000,0x00000000f7c00000)
  to   space 16384K, 0% used [0x00000000f8600000,0x00000000f8600000,0x00000000f9600000)
 ParOldGen       total 349696K, used 349694K [0x00000000e0000000, 0x00000000f5580000, 0x00000000f5580000)
  object space 349696K, 99% used [0x00000000e0000000,0x00000000f557fa58,0x00000000f5580000)
 Metaspace       used 58823K, committed 60032K, reserved 1105920K
  class space    used 5866K, committed 6336K, reserved 1048576K
}
Event: 1391.089 GC heap after
{Heap after GC invocations=653 (full 572):
 PSYoungGen      total 44544K, used 28159K [0x00000000f5580000, 0x00000000f9600000, 0x0000000100000000)
  eden space 28160K, 99% used [0x00000000f5580000,0x00000000f70ffff0,0x00000000f7100000)
  from space 16384K, 0% used [0x00000000f8600000,0x00000000f8600000,0x00000000f9600000)
  to   space 11264K, 0% used [0x00000000f7100000,0x00000000f7100000,0x00000000f7c00000)
 ParOldGen       total 349696K, used 349694K [0x00000000e0000000, 0x00000000f5580000, 0x00000000f5580000)
  object space 349696K, 99% used [0x00000000e0000000,0x00000000f557fa58,0x00000000f5580000)
 Metaspace       used 58823K, committed 60032K, reserved 1105920K
  class space    used 5866K, committed 6336K, reserved 1048576K
}
Event: 1391.095 GC heap before
{Heap before GC invocations=654 (full 573):
 PSYoungGen      total 44544K, used 28160K [0x00000000f5580000, 0x00000000f9600000, 0x0000000100000000)
  eden space 28160K, 100% used [0x00000000f5580000,0x00000000f7100000,0x00000000f7100000)
  from space 16384K, 0% used [0x00000000f8600000,0x00000000f8600000,0x00000000f9600000)
  to   space 11264K, 0% used [0x00000000f7100000,0x00000000f7100000,0x00000000f7c00000)
 ParOldGen       total 349696K, used 349694K [0x00000000e0000000, 0x00000000f5580000, 0x00000000f5580000)
  object space 349696K, 99% used [0x00000000e0000000,0x00000000f557fa58,0x00000000f5580000)
 Metaspace       used 58823K, committed 60032K, reserved 1105920K
  class space    used 5866K, committed 6336K, reserved 1048576K
}
Event: 1393.007 GC heap after
{Heap after GC invocations=654 (full 573):
 PSYoungGen      total 39424K, used 28159K [0x00000000f5580000, 0x00000000f9600000, 0x0000000100000000)
  eden space 28160K, 99% used [0x00000000f5580000,0x00000000f70ffff0,0x00000000f7100000)
  from space 11264K, 0% used [0x00000000f7100000,0x00000000f7100000,0x00000000f7c00000)
  to   space 16384K, 0% used [0x00000000f8600000,0x00000000f8600000,0x00000000f9600000)
 ParOldGen       total 349696K, used 349694K [0x00000000e0000000, 0x00000000f5580000, 0x00000000f5580000)
  object space 349696K, 99% used [0x00000000e0000000,0x00000000f557fa58,0x00000000f5580000)
 Metaspace       used 58823K, committed 60032K, reserved 1105920K
  class space    used 5866K, committed 6336K, reserved 1048576K
}
Event: 1393.008 GC heap before
{Heap before GC invocations=655 (full 574):
 PSYoungGen      total 39424K, used 28160K [0x00000000f5580000, 0x00000000f9600000, 0x0000000100000000)
  eden space 28160K, 100% used [0x00000000f5580000,0x00000000f7100000,0x00000000f7100000)
  from space 11264K, 0% used [0x00000000f7100000,0x00000000f7100000,0x00000000f7c00000)
  to   space 16384K, 0% used [0x00000000f8600000,0x00000000f8600000,0x00000000f9600000)
 ParOldGen       total 349696K, used 349695K [0x00000000e0000000, 0x00000000f5580000, 0x00000000f5580000)
  object space 349696K, 99% used [0x00000000e0000000,0x00000000f557fd30,0x00000000f5580000)
 Metaspace       used 58823K, committed 60032K, reserved 1105920K
  class space    used 5866K, committed 6336K, reserved 1048576K
}
Event: 1394.835 GC heap after
{Heap after GC invocations=655 (full 574):
 PSYoungGen      total 44544K, used 28159K [0x00000000f5580000, 0x00000000f9600000, 0x0000000100000000)
  eden space 28160K, 99% used [0x00000000f5580000,0x00000000f70ffff0,0x00000000f7100000)
  from space 16384K, 0% used [0x00000000f8600000,0x00000000f8600000,0x00000000f9600000)
  to   space 11264K, 0% used [0x00000000f7100000,0x00000000f7100000,0x00000000f7c00000)
 ParOldGen       total 349696K, used 349695K [0x00000000e0000000, 0x00000000f5580000, 0x00000000f5580000)
  object space 349696K, 99% used [0x00000000e0000000,0x00000000f557fca0,0x00000000f5580000)
 Metaspace       used 58823K, committed 60032K, reserved 1105920K
  class space    used 5866K, committed 6336K, reserved 1048576K
}
Event: 1394.835 GC heap before
{Heap before GC invocations=656 (full 575):
 PSYoungGen      total 44544K, used 28159K [0x00000000f5580000, 0x00000000f9600000, 0x0000000100000000)
  eden space 28160K, 99% used [0x00000000f5580000,0x00000000f70ffff0,0x00000000f7100000)
  from space 16384K, 0% used [0x00000000f8600000,0x00000000f8600000,0x00000000f9600000)
  to   space 11264K, 0% used [0x00000000f7100000,0x00000000f7100000,0x00000000f7c00000)
 ParOldGen       total 349696K, used 349695K [0x00000000e0000000, 0x00000000f5580000, 0x00000000f5580000)
  object space 349696K, 99% used [0x00000000e0000000,0x00000000f557fca0,0x00000000f5580000)
 Metaspace       used 58823K, committed 60032K, reserved 1105920K
  class space    used 5866K, committed 6336K, reserved 1048576K
}
Event: 1396.925 GC heap after
{Heap after GC invocations=656 (full 575):
 PSYoungGen      total 39424K, used 28159K [0x00000000f5580000, 0x00000000f9600000, 0x0000000100000000)
  eden space 28160K, 99% used [0x00000000f5580000,0x00000000f70ffff0,0x00000000f7100000)
  from space 11264K, 0% used [0x00000000f7100000,0x00000000f7100000,0x00000000f7c00000)
  to   space 16384K, 0% used [0x00000000f8600000,0x00000000f8600000,0x00000000f9600000)
 ParOldGen       total 349696K, used 349695K [0x00000000e0000000, 0x00000000f5580000, 0x00000000f5580000)
  object space 349696K, 99% used [0x00000000e0000000,0x00000000f557fca0,0x00000000f5580000)
 Metaspace       used 58823K, committed 60032K, reserved 1105920K
  class space    used 5866K, committed 6336K, reserved 1048576K
}

