# JRE version: OpenJDK Runtime Environment GraalVM CE 22.3.0 (17.0.5+8) (build 17.0.5+8-jvmci-22.3-b08)
# Java VM: OpenJDK 64-Bit Server VM GraalVM CE 22.3.0 (17.0.5+8-jvmci-22.3-b08, mixed mode, sharing, tiered, jvmci, jvmci compiler, compressed oops, compressed class ptrs, parallel gc, linux-amd64)
GC Precious Log:
 CPUs: 8 total, 1 available
 Memory: 1024M
 Large Page Support: Disabled
 NUMA Support: Disabled
 Compressed Oops: Enabled (32-bit)
 Alignments: Space 512K, Generation 512K, Heap 2M
 Heap Min Capacity: 100M
 Heap Initial Capacity: 100M
 Heap Max Capacity: 512M
 Pre-touch: Disabled
 Parallel Workers: 1
Heap:
 PSYoungGen      total 27136K, used 16695K [0x00000000f5580000, 0x00000000f7d80000, 0x0000000100000000)
  eden space 15360K, 100% used [0x00000000f5580000,0x00000000f6480000,0x00000000f6480000)
  from space 11776K, 11% used [0x00000000f7080000,0x00000000f71cdcd0,0x00000000f7c00000)
  to   space 12288K, 0% used [0x00000000f6480000,0x00000000f6480000,0x00000000f7080000)
 ParOldGen       total 349696K, used 349695K [0x00000000e0000000, 0x00000000f5580000, 0x00000000f5580000)
  object space 349696K, 99% used [0x00000000e0000000,0x00000000f557ff68,0x00000000f5580000)
 Metaspace       used 55242K, committed 56064K, reserved 1105920K
  class space    used 5283K, committed 5632K, reserved 1048576K
GC Heap History (20 events):
Event: 5941.932 GC heap before
{Heap before GC invocations=733 (full 605):
 PSYoungGen      total 27136K, used 16696K [0x00000000f5580000, 0x00000000f7d80000, 0x0000000100000000)
  eden space 15360K, 100% used [0x00000000f5580000,0x00000000f6480000,0x00000000f6480000)
  from space 11776K, 11% used [0x00000000f7080000,0x00000000f71ce0a0,0x00000000f7c00000)
  to   space 12288K, 0% used [0x00000000f6480000,0x00000000f6480000,0x00000000f7080000)
 ParOldGen       total 349696K, used 349687K [0x00000000e0000000, 0x00000000f5580000, 0x00000000f5580000)
  object space 349696K, 99% used [0x00000000e0000000,0x00000000f557de28,0x00000000f5580000)
 Metaspace       used 55242K, committed 56064K, reserved 1105920K
  class space    used 5283K, committed 5632K, reserved 1048576K
}
Event: 5943.354 GC heap after
{Heap after GC invocations=733 (full 605):
 PSYoungGen      total 27136K, used 16696K [0x00000000f5580000, 0x00000000f7d80000, 0x0000000100000000)
  eden space 15360K, 100% used [0x00000000f5580000,0x00000000f6480000,0x00000000f6480000)
  from space 11776K, 11% used [0x00000000f7080000,0x00000000f71ce0a0,0x00000000f7c00000)
  to   space 12288K, 0% used [0x00000000f6480000,0x00000000f6480000,0x00000000f7080000)
 ParOldGen       total 349696K, used 349687K [0x00000000e0000000, 0x00000000f5580000, 0x00000000f5580000)
  object space 349696K, 99% used [0x00000000e0000000,0x00000000f557de28,0x00000000f5580000)
 Metaspace       used 55242K, committed 56064K, reserved 1105920K
  class space    used 5283K, committed 5632K, reserved 1048576K
}
Event: 5943.356 GC heap before
{Heap before GC invocations=734 (full 606):
 PSYoungGen      total 27136K, used 16696K [0x00000000f5580000, 0x00000000f7d80000, 0x0000000100000000)
  eden space 15360K, 100% used [0x00000000f5580000,0x00000000f6480000,0x00000000f6480000)
  from space 11776K, 11% used [0x00000000f7080000,0x00000000f71ce0a0,0x00000000f7c00000)
  to   space 12288K, 0% used [0x00000000f6480000,0x00000000f6480000,0x00000000f7080000)
 ParOldGen       total 349696K, used 349687K [0x00000000e0000000, 0x00000000f5580000, 0x00000000f5580000)
  object space 349696K, 99% used [0x00000000e0000000,0x00000000f557dfa8,0x00000000f5580000)
 Metaspace       used 55242K, committed 56064K, reserved 1105920K
  class space    used 5283K, committed 5632K, reserved 1048576K
}
Event: 5944.860 GC heap after
{Heap after GC invocations=734 (full 606):
 PSYoungGen      total 27136K, used 16696K [0x00000000f5580000, 0x00000000f7d80000, 0x0000000100000000)
  eden space 15360K, 100% used [0x00000000f5580000,0x00000000f6480000,0x00000000f6480000)
  from space 11776K, 11% used [0x00000000f7080000,0x00000000f71ce0a0,0x00000000f7c00000)
  to   space 12288K, 0% used [0x00000000f6480000,0x00000000f6480000,0x00000000f7080000)
 ParOldGen       total 349696K, used 349687K [0x00000000e0000000, 0x00000000f5580000, 0x00000000f5580000)
  object space 349696K, 99% used [0x00000000e0000000,0x00000000f557df30,0x00000000f5580000)
 Metaspace       used 55242K, committed 56064K, reserved 1105920K
  class space    used 5283K, committed 5632K, reserved 1048576K
}
Event: 5944.863 GC heap before
{Heap before GC invocations=735 (full 607):
 PSYoungGen      total 27136K, used 16696K [0x00000000f5580000, 0x00000000f7d80000, 0x0000000100000000)
  eden space 15360K, 100% used [0x00000000f5580000,0x00000000f6480000,0x00000000f6480000)
  from space 11776K, 11% used [0x00000000f7080000,0x00000000f71ce0a0,0x00000000f7c00000)
  to   space 12288K, 0% used [0x00000000f6480000,0x00000000f6480000,0x00000000f7080000)
 ParOldGen       total 349696K, used 349690K [0x00000000e0000000, 0x00000000f5580000, 0x00000000f5580000)
  object space 349696K, 99% used [0x00000000e0000000,0x00000000f557ea50,0x00000000f5580000)
 Metaspace       used 55242K, committed 56064K, reserved 1105920K
  class space    used 5283K, committed 5632K, reserved 1048576K
}
Event: 5946.412 GC heap after
{Heap after GC invocations=735 (full 607):
 PSYoungGen      total 27136K, used 16695K [0x00000000f5580000, 0x00000000f7d80000, 0x0000000100000000)
  eden space 15360K, 99% used [0x00000000f5580000,0x00000000f647ff08,0x00000000f6480000)
  from space 11776K, 11% used [0x00000000f7080000,0x00000000f71ce070,0x00000000f7c00000)
  to   space 12288K, 0% used [0x00000000f6480000,0x00000000f6480000,0x00000000f7080000)
 ParOldGen       total 349696K, used 349690K [0x00000000e0000000, 0x00000000f5580000, 0x00000000f5580000)
  object space 349696K, 99% used [0x00000000e0000000,0x00000000f557e8c8,0x00000000f5580000)
 Metaspace       used 55242K, committed 56064K, reserved 1105920K
  class space    used 5283K, committed 5632K, reserved 1048576K
}
Event: 5946.416 GC heap before
{Heap before GC invocations=736 (full 608):
 PSYoungGen      total 27136K, used 16696K [0x00000000f5580000, 0x00000000f7d80000, 0x0000000100000000)
  eden space 15360K, 99% used [0x00000000f5580000,0x00000000f647fff8,0x00000000f6480000)
  from space 11776K, 11% used [0x00000000f7080000,0x00000000f71ce070,0x00000000f7c00000)
  to   space 12288K, 0% used [0x00000000f6480000,0x00000000f6480000,0x00000000f7080000)
 ParOldGen       total 349696K, used 349690K [0x00000000e0000000, 0x00000000f5580000, 0x00000000f5580000)
  object space 349696K, 99% used [0x00000000e0000000,0x00000000f557e8c8,0x00000000f5580000)
 Metaspace       used 55242K, committed 56064K, reserved 1105920K
  class space    used 5283K, committed 5632K, reserved 1048576K
}
Event: 5947.873 GC heap after
{Heap after GC invocations=736 (full 608):
 PSYoungGen      total 27136K, used 16696K [0x00000000f5580000, 0x00000000f7d80000, 0x0000000100000000)
  eden space 15360K, 99% used [0x00000000f5580000,0x00000000f647fff8,0x00000000f6480000)
  from space 11776K, 11% used [0x00000000f7080000,0x00000000f71ce070,0x00000000f7c00000)
  to   space 12288K, 0% used [0x00000000f6480000,0x00000000f6480000,0x00000000f7080000)
 ParOldGen       total 349696K, used 349690K [0x00000000e0000000, 0x00000000f5580000, 0x00000000f5580000)
  object space 349696K, 99% used [0x00000000e0000000,0x00000000f557e8b0,0x00000000f5580000)
 Metaspace       used 55242K, committed 56064K, reserved 1105920K
  class space    used 5283K, committed 5632K, reserved 1048576K
}
Event: 5947.898 GC heap before
{Heap before GC invocations=737 (full 609):
 PSYoungGen      total 27136K, used 16696K [0x00000000f5580000, 0x00000000f7d80000, 0x0000000100000000)
  eden space 15360K, 99% used [0x00000000f5580000,0x00000000f647fff8,0x00000000f6480000)
  from space 11776K, 11% used [0x00000000f7080000,0x00000000f71ce070,0x00000000f7c00000)
  to   space 12288K, 0% used [0x00000000f6480000,0x00000000f6480000,0x00000000f7080000)
 ParOldGen       total 349696K, used 349694K [0x00000000e0000000, 0x00000000f5580000, 0x00000000f5580000)
  object space 349696K, 99% used [0x00000000e0000000,0x00000000f557f9e0,0x00000000f5580000)
 Metaspace       used 55242K, committed 56064K, reserved 1105920K
  class space    used 5283K, committed 5632K, reserved 1048576K
}
Event: 5949.350 GC heap after
{Heap after GC invocations=737 (full 609):
 PSYoungGen      total 27136K, used 16695K [0x00000000f5580000, 0x00000000f7d80000, 0x0000000100000000)
  eden space 15360K, 99% used [0x00000000f5580000,0x00000000f647ff78,0x00000000f6480000)
  from space 11776K, 11% used [0x00000000f7080000,0x00000000f71cdcd0,0x00000000f7c00000)
  to   space 12288K, 0% used [0x00000000f6480000,0x00000000f6480000,0x00000000f7080000)
 ParOldGen       total 349696K, used 349694K [0x00000000e0000000, 0x00000000f5580000, 0x00000000f5580000)
  object space 349696K, 99% used [0x00000000e0000000,0x00000000f557f950,0x00000000f5580000)
 Metaspace       used 55242K, committed 56064K, reserved 1105920K
  class space    used 5283K, committed 5632K, reserved 1048576K
}
Event: 5949.356 GC heap before
{Heap before GC invocations=738 (full 610):
 PSYoungGen      total 27136K, used 16695K [0x00000000f5580000, 0x00000000f7d80000, 0x0000000100000000)
  eden space 15360K, 99% used [0x00000000f5580000,0x00000000f647fff0,0x00000000f6480000)
  from space 11776K, 11% used [0x00000000f7080000,0x00000000f71cdcd0,0x00000000f7c00000)
  to   space 12288K, 0% used [0x00000000f6480000,0x00000000f6480000,0x00000000f7080000)
 ParOldGen       total 349696K, used 349694K [0x00000000e0000000, 0x00000000f5580000, 0x00000000f5580000)
  object space 349696K, 99% used [0x00000000e0000000,0x00000000f557f950,0x00000000f5580000)
 Metaspace       used 55242K, committed 56064K, reserved 1105920K
  class space    used 5283K, committed 5632K, reserved 1048576K
}
Event: 5950.841 GC heap after
{Heap after GC invocations=738 (full 610):
 PSYoungGen      total 27136K, used 16695K [0x00000000f5580000, 0x00000000f7d80000, 0x0000000100000000)
  eden space 15360K, 99% used [0x00000000f5580000,0x00000000f647fff0,0x00000000f6480000)
  from space 11776K, 11% used [0x00000000f7080000,0x00000000f71cdcd0,0x00000000f7c00000)
  to   space 12288K, 0% used [0x00000000f6480000,0x00000000f6480000,0x00000000f7080000)
 ParOldGen       total 349696K, used 349694K [0x00000000e0000000, 0x00000000f5580000, 0x00000000f5580000)
  object space 349696K, 99% used [0x00000000e0000000,0x00000000f557f950,0x00000000f5580000)
 Metaspace       used 55242K, committed 56064K, reserved 1105920K
  class space    used 5283K, committed 5632K, reserved 1048576K
}
Event: 5950.848 GC heap before
{Heap before GC invocations=739 (full 611):
 PSYoungGen      total 27136K, used 16695K [0x00000000f5580000, 0x00000000f7d80000, 0x0000000100000000)
  eden space 15360K, 100% used [0x00000000f5580000,0x00000000f6480000,0x00000000f6480000)
  from space 11776K, 11% used [0x00000000f7080000,0x00000000f71cdcd0,0x00000000f7c00000)
  to   space 12288K, 0% used [0x00000000f6480000,0x00000000f6480000,0x00000000f7080000)
 ParOldGen       total 349696K, used 349696K [0x00000000e0000000, 0x00000000f5580000, 0x00000000f5580000)
  object space 349696K, 100% used [0x00000000e0000000,0x00000000f5580000,0x00000000f5580000)
 Metaspace       used 55242K, committed 56064K, reserved 1105920K
  class space    used 5283K, committed 5632K, reserved 1048576K
}
Event: 5952.256 GC heap after
{Heap after GC invocations=739 (full 611):
 PSYoungGen      total 27136K, used 16695K [0x00000000f5580000, 0x00000000f7d80000, 0x0000000100000000)
  eden space 15360K, 100% used [0x00000000f5580000,0x00000000f6480000,0x00000000f6480000)
  from space 11776K, 11% used [0x00000000f7080000,0x00000000f71cdcd0,0x00000000f7c00000)
  to   space 12288K, 0% used [0x00000000f6480000,0x00000000f6480000,0x00000000f7080000)
 ParOldGen       total 349696K, used 349695K [0x00000000e0000000, 0x00000000f5580000, 0x00000000f5580000)
  object space 349696K, 99% used [0x00000000e0000000,0x00000000f557fcd8,0x00000000f5580000)
 Metaspace       used 55242K, committed 56064K, reserved 1105920K
  class space    used 5283K, committed 5632K, reserved 1048576K
}
Event: 5952.256 GC heap before
{Heap before GC invocations=740 (full 612):
 PSYoungGen      total 27136K, used 16695K [0x00000000f5580000, 0x00000000f7d80000, 0x0000000100000000)
  eden space 15360K, 100% used [0x00000000f5580000,0x00000000f6480000,0x00000000f6480000)
  from space 11776K, 11% used [0x00000000f7080000,0x00000000f71cdcd0,0x00000000f7c00000)
  to   space 12288K, 0% used [0x00000000f6480000,0x00000000f6480000,0x00000000f7080000)
 ParOldGen       total 349696K, used 349695K [0x00000000e0000000, 0x00000000f5580000, 0x00000000f5580000)
  object space 349696K, 99% used [0x00000000e0000000,0x00000000f557fda8,0x00000000f5580000)
 Metaspace       used 55242K, committed 56064K, reserved 1105920K
  class space    used 5283K, committed 5632K, reserved 1048576K
}
Event: 5953.625 GC heap after
{Heap after GC invocations=740 (full 612):
 PSYoungGen      total 27136K, used 16695K [0x00000000f5580000, 0x00000000f7d80000, 0x0000000100000000)
  eden space 15360K, 100% used [0x00000000f5580000,0x00000000f6480000,0x00000000f6480000)
  from space 11776K, 11% used [0x00000000f7080000,0x00000000f71cdcd0,0x00000000f7c00000)
  to   space 12288K, 0% used [0x00000000f6480000,0x00000000f6480000,0x00000000f7080000)
 ParOldGen       total 349696K, used 349695K [0x00000000e0000000, 0x00000000f5580000, 0x00000000f5580000)
  object space 349696K, 99% used [0x00000000e0000000,0x00000000f557fcd8,0x00000000f5580000)
 Metaspace       used 55242K, committed 56064K, reserved 1105920K
  class space    used 5283K, committed 5632K, reserved 1048576K
}
Event: 5953.633 GC heap before
{Heap before GC invocations=741 (full 613):
 PSYoungGen      total 27136K, used 16695K [0x00000000f5580000, 0x00000000f7d80000, 0x0000000100000000)
  eden space 15360K, 100% used [0x00000000f5580000,0x00000000f6480000,0x00000000f6480000)
  from space 11776K, 11% used [0x00000000f7080000,0x00000000f71cdcd0,0x00000000f7c00000)
  to   space 12288K, 0% used [0x00000000f6480000,0x00000000f6480000,0x00000000f7080000)
 ParOldGen       total 349696K, used 349695K [0x00000000e0000000, 0x00000000f5580000, 0x00000000f5580000)
  object space 349696K, 99% used [0x00000000e0000000,0x00000000f557fdd0,0x00000000f5580000)
 Metaspace       used 55242K, committed 56064K, reserved 1105920K
  class space    used 5283K, committed 5632K, reserved 1048576K
}
Event: 5955.131 GC heap after
{Heap after GC invocations=741 (full 613):
 PSYoungGen      total 27136K, used 16695K [0x00000000f5580000, 0x00000000f7d80000, 0x0000000100000000)
  eden space 15360K, 100% used [0x00000000f5580000,0x00000000f6480000,0x00000000f6480000)
  from space 11776K, 11% used [0x00000000f7080000,0x00000000f71cdcd0,0x00000000f7c00000)
  to   space 12288K, 0% used [0x00000000f6480000,0x00000000f6480000,0x00000000f7080000)
 ParOldGen       total 349696K, used 349695K [0x00000000e0000000, 0x00000000f5580000, 0x00000000f5580000)
  object space 349696K, 99% used [0x00000000e0000000,0x00000000f557fcf0,0x00000000f5580000)
 Metaspace       used 55242K, committed 56064K, reserved 1105920K
  class space    used 5283K, committed 5632K, reserved 1048576K
}
Event: 5955.131 GC heap before
{Heap before GC invocations=742 (full 614):
 PSYoungGen      total 27136K, used 16695K [0x00000000f5580000, 0x00000000f7d80000, 0x0000000100000000)
  eden space 15360K, 100% used [0x00000000f5580000,0x00000000f6480000,0x00000000f6480000)
  from space 11776K, 11% used [0x00000000f7080000,0x00000000f71cdcd0,0x00000000f7c00000)
  to   space 12288K, 0% used [0x00000000f6480000,0x00000000f6480000,0x00000000f7080000)
 ParOldGen       total 349696K, used 349695K [0x00000000e0000000, 0x00000000f5580000, 0x00000000f5580000)
  object space 349696K, 99% used [0x00000000e0000000,0x00000000f557fcf0,0x00000000f5580000)
 Metaspace       used 55242K, committed 56064K, reserved 1105920K
  class space    used 5283K, committed 5632K, reserved 1048576K
}
Event: 5956.657 GC heap after
{Heap after GC invocations=742 (full 614):
 PSYoungGen      total 27136K, used 16695K [0x00000000f5580000, 0x00000000f7d80000, 0x0000000100000000)
  eden space 15360K, 100% used [0x00000000f5580000,0x00000000f6480000,0x00000000f6480000)
  from space 11776K, 11% used [0x00000000f7080000,0x00000000f71cdcd0,0x00000000f7c00000)
  to   space 12288K, 0% used [0x00000000f6480000,0x00000000f6480000,0x00000000f7080000)
 ParOldGen       total 349696K, used 349695K [0x00000000e0000000, 0x00000000f5580000, 0x00000000f5580000)
  object space 349696K, 99% used [0x00000000e0000000,0x00000000f557fcf0,0x00000000f5580000)
 Metaspace       used 55242K, committed 56064K, reserved 1105920K
  class space    used 5283K, committed 5632K, reserved 1048576K
}

